1591693000398	mozrunner::runner	INFO	Running command: "D:\\软件\\firefox.exe" "-marionette" "-foreground" "-no-remote" "-profile" "C:\\Users\\000\\AppData\\Local\\Temp\\rust_mozprofilewD5v74"
JavaScript error: resource://gre/modules/XULStore.jsm, line 66: Error: Can't find profile directory.
1591693029985	Marionette	INFO	Listening on port 61417
1591693030457	Marionette	WARN	TLS certificate errors will be ignored for this session
console.error: (new Error("SessionFile is closed", "resource:///modules/sessionstore/SessionFile.jsm", 433))
1591693104719	Marionette	INFO	Stopped listening on port 61417

###!!! [Child][RunMessage] Error: Channel closing: too late to send/recv, messages will be lost

d profile directory.
console.error: "Could not write session state file " (new Error("_initWorker called too early! Please read the session file from disk first.", "resource:///modules/sessionstore/SessionFile.jsm", 375)) "_initWorker/<@resource:///modules/sessionstore/SessionFile.jsm:375:15\n_initWorker@resource:///modules/sessionstore/SessionFile.jsm:368:12\n_postToWorker@resource:///modules/sessionstore/SessionFile.jsm:410:16\nwrite@resource:///modules/sessionstore/SessionFile.jsm:448:24\nwrite@resource:///modules/sessionstore/SessionFile.jsm:75:32\n_writeState@resource:///modules/sessionstore/SessionSaver.jsm:360:24\n_saveState@resource:///modules/sessionstore/SessionSaver.jsm:294:17\n_saveStateAsync@resource:///modules/sessionstore/SessionSaver.jsm:344:10\nsaveStateAsyncWhenIdle@resource:///modules/sessionstore/SessionSaver.jsm:191:14\ncallback@resource://gre/modules/Timer.jsm:127:16\n"
1591693054173	Marionette	INFO	Listening on port 61482
1591693054591	Marionette	WARN	TLS certificate errors will be ignored for this session
console.error: (new Error("SessionFile is closed", "resource:///modules/sessionstore/SessionFile.jsm", 433))
1591693104731	Marionette	INFO	Stopped listening on port 61482
st_mozprofilemIxMMx"
JavaScript error: resource://gre/modules/XULStore.jsm, line 66: Error: Can't find profile directory.
1591693101518	Marionette	INFO	Listening on port 61536
1591693101595	Marionette	WARN	TLS certificate errors will be ignored for this session
1591693122147	Marionette	INFO	Stopped listening on port 61536

###!!! [Child][RunMessage] Error: Channel closing: too late to send/recv, messages will be lost


###!!! [Child][MessageChannel::SendAndWait] Error: Channel error: cannot send/recv

e 66: Error: Can't find profile directory.
1591693120324	Marionette	INFO	Listening on port 61602
1591693120608	Marionette	WARN	TLS certificate errors will be ignored for this session
1591693259826	Marionette	INFO	Stopped listening on port 61602

###!!! [Child][RunMessage] Error: Channel closing: too late to send/recv, messages will be lost


###!!! [Child][MessageChannel::SendAndWait] Error: Channel error: cannot send/recv

e 66: Error: Can't find profile directory.
1591693234101	Marionette	INFO	Listening on port 61662
1591693234526	Marionette	WARN	TLS certificate errors will be ignored for this session
1591693309724	Marionette	INFO	Stopped listening on port 61662

###!!! [Child][RunMessage] Error: Channel closing: too late to send/recv, messages will be lost


###!!! [Child][MessageChannel::SendAndWait] Error: Channel error: cannot send/recv

e 66: Error: Can't find profile directory.
1591693254704	Marionette	INFO	Listening on port 61705
1591693255090	Marionette	WARN	TLS certificate errors will be ignored for this session
1591693309940	Marionette	INFO	Stopped listening on port 61705

###!!! [Child][RunMessage] Error: Channel closing: too late to send/recv, messages will be lost


###!!! [Child][MessageChannel::SendAndWait] Error: Channel error: cannot send/recv

e 66: Error: Can't find profile directory.
1591693281286	Marionette	INFO	Listening on port 61758
1591693281586	Marionette	WARN	TLS certificate errors will be ignored for this session
console.error: (new Error("SessionFile is closed", "resource:///modules/sessionstore/SessionFile.jsm", 433))
1591693313184	Marionette	INFO	Stopped listening on port 61758

###!!! [Child][RunMessage] Error: Channel closing: too late to send/recv, messages will be lost


###!!! [Child][Messa1591693316271	Marionette	INFO	Listening on port 61806
1591693316411	Marionette	WARN	TLS certificate errors will be ignored for this session
1591693453658	Marionette	INFO	Stopped listening on port 61806

###!!! [Child][RunMessage] Error: Channel closing: too late to send/recv, messages will be lost


###!!! [Child][MessageChannel::SendAndWait] Error: Channel error: cannot send/recv

JavaScript error: resource:///modules/sessionstore/SessionStore.jsm, line 5267: NS_ERROR_UNEXPECTED: Component returned failure code: 0x8000ffff (NS_ERROR_UNEXPECTED) [nsIWindowMediator.getEnumerator]
zrunner::runner	INFO	Running command: "D:\\软件\\firefox.exe" "-marionette" "-foreground" "-no-remote" "-profile" "C:\\Users\\000\\AppData\\Local\\Temp\\rust_mozprofileR2KwCK"
JavaScript error: resource://gre/modules/XULStore.jsm, line 66: Error: Can't find profile directory.
1591693370539	Marionette	INFO	Listening on port 61918
1591693370624	Marionette	WARN	TLS certificate errors will be ignored for this session
1591693451099	Marionette	INFO	Stopped listening on port 61918

###!!! [Child][RunMessage] Error: Channel closing: too late to send/recv, messages will be lost

\Temp\\rust_mozprofileZ7qV2W"
JavaScript error: resource://gre/modules/XULStore.jsm, line 66: Error: Can't find profile directory.
console.error: "Could not write session state file " (new Error("_initWorker called too early! Please read the session file from disk first.", "resource:///modules/sessionstore/SessionFile.jsm", 375)) "_initWorker/<@resource:///modules/sessionstore/SessionFile.jsm:375:15\n_initWorker@resource:///modules/sessionstore/SessionFile.jsm:368:12\n_postToWorker@resource:///modules/sessionstore/SessionFile.jsm:410:16\nwrite@resource:///modules/sessionstore/SessionFile.jsm:448:24\nwrite@resource:///modules/sessionstore/SessionFile.jsm:75:32\n_writeState@resource:///modules/sessionstore/SessionSaver.jsm:360:24\n_saveState@resource:///modules/sessionstore/SessionSaver.jsm:294:17\n_saveStateAsync@resource:///modules/sessionstore/SessionSaver.jsm:344:10\nsaveStateAsyncWhenIdle@resource:///modules/sessionstore/SessionSaver.jsm:191:14\ncallback@resource://gre/modules/Timer.jsm:127:16\n"
1591693411730	Marionette	INFO	Listening on port 61971
1591693411955	Marionette	WARN	TLS certificate errors will be ignored for this session
JavaScript error: resource://gre/modules/UrlClassifierListManager.jsm, line 691: TypeError: this.tablesData[table] is undefined
e" "C:\\Users\\000\\AppData\\Local\\Temp\\rust_mozprofileSijS6z"
1591693518963	mozrunner::runner	INFO	Running command: "D:\\软件\\firefox.exe" "-marionette" "-foreground" "-no-remote" "-profile" "C:\\Users\\000\\AppData\\Local\\Temp\\rust_mozprofilenVwUbG"
JavaScript error: resource://gre/modules/XULStore.jsm, line 66: Error: Can't find profile directory.
1591693525924	Marionette	INFO	Listening on port 62058
1591693526299	Marionette	WARN	TLS certificate errors will be ignored for this session
1591693531842	Marionette	INFO	Stopped listening on port 62058

###!!! [Child][RunMessage] Error: Channel closing: too late to send/recv, messages will be lost


###!!! [Child][MessageChannel::SendAndWait] Error: Channel error: cannot send/recv

1591693540007	mozrunner::runner	INFO	Running command: "D:\\软件\\firefox.exe" "-marionette" "-foreground" "-no-remote" "-profile" "C:\\Users\\000\\AppData\\Local\\Temp\\rust_mozprofile0hb0s3"
JavaScript error: resource://gre/modules/XULStore.jsm, line 66: Error: Can't find profile directory.
1591693545116	Marionette	INFO	Listening on port 62099
1591693545233	Marionette	WARN	TLS certificate errors will be ignored for this session
JavaScript error: resource://gre/modules/NetworkGeolocationProvider.jsm, line 555: TypeError: xhr.response.location is undefined
1591693635534	Marionette	INFO	Stopped listening on port 62099

###!!! [Child][RunMessage] Error: Channel closing: too late to send/recv, messages will be lost


###!!! [Child][MessageChannel::SendAndWait] Error: Channel error: cannot send/recv

e 66: Error: Can't find profile directory.
1591693567175	Marionette	INFO	Listening on port 62140
1591693567590	Marionette	WARN	TLS certificate errors will be ignored for this session
JavaScript error: resource://gre/modules/NetworkGeolocationProvider.jsm, line 555: TypeError: xhr.response.location is undefined
1591693633850	Marionette	INFO	Stopped listening on port 62140

###!!! [Child][RunMessage] Error: Channel closing: too late to send/recv, messages will be lost


###!!! [Child][MessageChannel::SendAndWait] Error: Channel error: cannot send/recv

e 66: Error: Can't find profile directory.
console.error: "Could not write session state file " (new Error("_initWorker called too early! Please read the session file from disk first.", "resource:///modules/sessionstore/SessionFile.jsm", 375)) "_initWorker/<@resource:///modules/sessionstore/SessionFile.jsm:375:15\n_initWorker@resource:///modules/sessionstore/SessionFile.jsm:368:12\n_postToWorker@resource:///modules/sessionstore/SessionFile.jsm:410:16\nwrite@resource:///modules/sessionstore/SessionFile.jsm:448:24\nwrite@resource:///modules/sessionstore/SessionFile.jsm:75:32\n_writeState@resource:///modules/sessionstore/SessionSaver.jsm:360:24\n_saveState@resource:///modules/sessionstore/SessionSaver.jsm:294:17\n_saveStateAsync@resource:///modules/sessionstore/SessionSaver.jsm:344:10\nsaveStateAsyncWhenIdle@resource:///modules/sessionstore/SessionSaver.jsm:191:14\ncallback@resource://gre/modules/Timer.jsm:127:16\n"
1591693596398	Marionette	INFO	Listening on port 62195
1591693596765	Marionette	WARN	TLS certificate errors will be ignored for this session
1591693607015	Marionette	INFO	Stopped listening on port 62195

###!!! [Child][RunMessage] Error: Channel closing: too late to send/recv, messages will be lost


###!!! [Child][MessageChannel::SendAndWait] Error: Channel error: cannot send/recv

1591693713145	mozrunner::runner	INFO	Running command: "D:\\软件\\firefox.exe" "-marionette" "-foreground" "-no-remote" "-profile" "C:\\Users\\000\\AppData\\Local\\Temp\\rust_mozprofiley5YnQY"
JavaScript error: resource://gre/modules/XULStore.jsm, line 66: Error: Can't find profile directory.
1591693721222	Marionette	INFO	Listening on port 62262
1591693721469	Marionette	WARN	TLS certificate errors will be ignored for this session
console.error: "Store does not have a valid reducer. Make sure the argument passed to combineReducers is an object whose values are reducers."
JavaScript error: resource://devtools/client/framework/toolbox.js, line 1960: TypeError: currentPanel is undefined
JavaScript error: resource://devtools/client/framework/toolbox.js, line 1960: TypeError: currentPanel is undefined
JavaScript error: resource://devtools/client/framework/toolbox.js, line 1960: TypeError: currentPanel is undefined
JavaScript error: resource://devtools/client/framework/toolbox.js, line 1960: TypeError: currentPanel is undefined
JavaScript error: resource://gre/modules/Prompter.jsm, line 1178: NS_ERROR_NOT_AVAILABLE: prompt aborted by user
JavaScript error: resource://devtools/server/actors/highlighters.js, line 751: NS_ERROR_ILLEGAL_VALUE: Component returned failure code: 0x80070057 (NS_ERROR_ILLEGAL_VALUE) [nsIXPCComponents_Utils.isDeadWrapper]
JavaScript error: resource://devtools/server/actors/highlighters/utils/markup.js, line 272: TypeError: this.highlighterEnv is null
JavaScript error: resource://devtools/server/actors/inspector/walker.js, line 528: TypeError: this._refMap is null
1591693997435	Marionette	INFO	Stopped listening on port 62262

###!!! [Child][RunMessage] Error: Channel closing: too late to send/recv, messages will be lost


###!!! [Child][MessageChannel::SendAndWait] Error: Channel error: cannot send/recv

151	Marionette	INFO	Listening on port 62420
1591693797278	Marionette	WARN	TLS certificate errors will be ignored for this session
1591693878312	Marionette	INFO	Stopped listening on port 62420

###!!! [Child][RunMessage] Error: Channel closing: too late to send/recv, messages will be lost


###!!! [Child][MessageChannel::SendAndWait] Error: Channel error: cannot send/recv

1591693988523	mozrunner::runner	INFO	Running command: "D:\\软件\\firefox.exe" "-marionette" "-foreground" "-no-remote" "-profile" "C:\\Users\\000\\AppData\\Local\\Temp\\rust_mozprofile6qKGNM"
JavaScript error: resource://gre/modules/XULStore.jsm, line 66: Error: Can't find profile directory.
1591693995973	Marionette	INFO	Listening on port 62484
1591693996439	Marionette	WARN	TLS certificate errors will be ignored for this session
1591694032950	mozrunner::runner	INFO	Running command: "D:\\软件\\firefox.exe" "-marionette" "-foreground" "-no-remote" "-profile" "C:\\Users\\000\\AppData\\Local\\Temp\\rust_mozprofilefeznFS"
JavaScript error: resource://gre/modules/XULStore.jsm, line 66: Error: Can't find profile directory.
1591694038722	Marionette	INFO	Listening on port 62530
1591694039173	Marionette	WARN	TLS certificate errors will be ignored for this session
JavaScript error: resource://gre/modules/NetworkGeolocationProvider.jsm, line 555: TypeError: xhr.response.location is undefined
1591694051028	Marionette	INFO	Stopped listening on port 62530
JavaScript error: resource://gre/modules/Prompter.jsm, line 1178: NS_ERROR_NOT_AVAILABLE: prompt aborted by user

###!!! [Child][RunMessage] Error: Channel closing: too late to send/recv, messages will be lost


###!!! [Child][MessageChannel::SendAndWait] Error: Channel error: cannot send/recv

1591694135738	mozrunner::runner	INFO	Running command: "D:\\软件\\firefox.exe" "-marionette" "-foreground" "-no-remote" "-profile" "C:\\Users\\000\\AppData\\Local\\Temp\\rust_mozprofilexmMzYE"
JavaScript error: resource://gre/modules/XULStore.jsm, line 66: Error: Can't find profile directory.
1591694142266	Marionette	INFO	Listening on port 62575
1591694142640	Marionette	WARN	TLS certificate errors will be ignored for this session
1591694166073	Marionette	INFO	Stopped listening on port 62575
JavaScript error: resource://gre/modules/Prompter.jsm, line 1178: NS_ERROR_NOT_AVAILABLE: prompt aborted by user

###!!! [Child][RunMessage] Error: Channel closing: too late to send/recv, messages will be lost


###!!! [Child][MessageChannel::SendAndWait] Error: Channel error: cannot send/recv

1591694174048	mozrunner::runner	INFO	Running command: "D:\\软件\\firefox.exe" "-marionette" "-foreground" "-no-remote" "-profile" "C:\\Users\\000\\AppData\\Local\\Temp\\rust_mozprofileTx3GbE"
JavaScript error: resource://gre/modules/XULStore.jsm, line 66: Error: Can't find profile directory.
1591694180232	Marionette	INFO	Listening on port 62629
1591694180272	Marionette	WARN	TLS certificate errors will be ignored for this session
1591694192344	Marionette	INFO	Stopped listening on port 62629
JavaScript error: resource://gre/modules/Prompter.jsm, line 1178: NS_ERROR_NOT_AVAILABLE: prompt aborted by user

###!!! [Child][RunMessage] Error: Channel closing: too late to send/recv, messages will be lost


###!!! [Child][MessageChannel::SendAndWait] Error: Channel error: cannot send/recv

1591694198190	mozrunner::runner	INFO	Running command: "D:\\软件\\firefox.exe" "-marionette" "-foreground" "-no-remote" "-profile" "C:\\Users\\000\\AppData\\Local\\Temp\\rust_mozprofilenX3rEV"
JavaScript error: resource://gre/modules/XULStore.jsm, line 66: Error: Can't find profile directory.
1591694202522	Marionette	INFO	Listening on port 62672
1591694202909	Marionette	WARN	TLS certificate errors will be ignored for this session
JavaScript error: resource://gre/modules/NetworkGeolocationProvider.jsm, line 555: TypeError: xhr.response.location is undefined
1591694215970	Marionette	INFO	Stopped listening on port 62672
JavaScript error: resource://gre/modules/Prompter.jsm, line 1178: NS_ERROR_NOT_AVAILABLE: prompt aborted by user
[Child 22836, Chrome_ChildThread] WARNING: pipe error: 232: file /builds/worker/checkouts/gecko/ipc/chromium/src/chrome/common/ipc_channel_win.cc, line 522

###!!! [Child][RunMessage] Error: Channel closing: too late to send/recv, messages will be lost


###!!! [Child][MessageChannel::SendAndWait] Error: Channel error: cannot send/recv

1591694376415	mozrunner::runner	INFO	Running command: "D:\\软件\\firefox.exe" "-marionette" "-foreground" "-no-remote" "-profile" "C:\\Users\\000\\AppData\\Local\\Temp\\rust_mozprofilepfqvW6"
JavaScript error: resource://gre/modules/XULStore.jsm, line 66: Error: Can't find profile directory.
1591694383195	Marionette	INFO	Listening on port 62741
1591694383246	Marionette	WARN	TLS certificate errors will be ignored for this session
1591694436727	mozrunner::runner	INFO	Running command: "D:\\软件\\firefox.exe" "-marionette" "-foreground" "-no-remote" "-profile" "C:\\Users\\000\\AppData\\Local\\Temp\\rust_mozprofile9fH54p"
JavaScript error: resource://gre/modules/XULStore.jsm, line 66: Error: Can't find profile directory.
1591694442824	Marionette	INFO	Listening on port 62795
1591694442951	Marionette	WARN	TLS certificate errors will be ignored for this session
JavaScript error: resource://gre/modules/NetworkGeolocationProvider.jsm, line 555: TypeError: xhr.response.location is undefined
1591694483815	Marionette	INFO	Stopped listening on port 62795

###!!! [Child][RunMessage] Error: Channel closing: too late to send/recv, messages will be lost


###!!! [Child][MessageChanneJavaScript error: resource://gre/modules/XULStore.jsm, line 66: Error: Can't find profile directory.
1591694486598	Marionette	INFO	Listening on port 62839
1591694486748	Marionette	WARN	TLS certificate errors will be ignored for this session
1591694505053	Marionette	INFO	Stopped listening on port 62839
JavaScript error: resource://gre/modules/Prompter.jsm, line 1178: NS_ERROR_NOT_AVAILABLE: prompt aborted by user

###!!! [Child][RunMessage] Error: Channel closing: too late to send/recv, messages will be lost


###!!! [Child][MessageChannel::SendAndWait] Error: Channel error: cannot send/recv

1592445434541	mozrunner::runner	INFO	Running command: "D:\\软件\\firefox.exe" "-marionette" "-foreground" "-no-remote" "-profile" "C:\\Users\\000\\AppData\\Local\\Temp\\rust_mozprofilekxxoxF"
JavaScript error: resource://gre/modules/XULStore.jsm, line 66: Error: Can't find profile directory.
1592445469357	Marionette	INFO	Listening on port 59524
[Parent 9076, Gecko_IOThread] WARNING: file /builds/worker/checkouts/gecko/ipc/chromium/src/base/process_util_win.cc, line 166
1592445469740	Marionette	WARN	TLS certificate errors will be ignored for this session
IPDL protocol error: Handler returned error code!

###!!! [Parent][DispatchAsyncMessage] Error: PLayerTransaction::Msg_ReleaseLayer Processing error: message was deserialized, but the handler returned false (indicating failure)

IPDL protocol error: Handler returned error code!

###!!! [Parent][DispatchAsyncMessage] Error: PLayerTransaction::Msg_ReleaseLayer Processing error: message was deserialized, but the handler returned false (indicating failure)

IPDL protocol error: Handler returned error code!

###!!! [Parent][DispatchAsyncMessage] Error: PLayerTransaction::Msg_ReleaseLayer Processing error: message was deserialized, but the handler returned false (indicating failure)

IPDL protocol error: Handler returned error code!

###!!! [Parent][DispatchAsyncMessage] Error: PLayerTransaction::Msg_ReleaseLayer Processing error: message was deserialized, but the handler returned false (indicating failure)

1592445568978	Marionette	INFO	Stopped listening on port 59524

###!!! [Child][RunMessage] Error: Channel closing: too late to send/recv, messages will be lost


###!!! [Child][MessageChannel::SendAndWait] Error: Channel error: cannot send/recv

2445525664	Marionette	INFO	Listening on port 59701
1592445525822	Marionette	WARN	TLS certificate errors will be ignored for this session
1592445550551	mozrunner::runner	INFO	Running command: "D:\\软件\\firefox.exe" "-marionette" "-foreground" "-no-remote" "-profile" "C:\\Users\\000\\AppData\\Local\\Temp\\rust_mozprofileFnxnIE"
JavaScript error: resource://gre/modules/XULStore.jsm, line 66: Error: Can't find profile directory.
console.error: "Could not write session state file " (new Error("_initWorker called too early! Please read the session file from disk first.", "resource:///modules/sessionstore/SessionFile.jsm", 375)) "_initWorker/<@resource:///modules/sessionstore/SessionFile.jsm:375:15\n_initWorker@resource:///modules/sessionstore/SessionFile.jsm:368:12\n_postToWorker@resource:///modules/sessionstore/SessionFile.jsm:410:16\nwrite@resource:///modules/sessionstore/SessionFile.jsm:448:24\nwrite@resource:///modules/sessionstore/SessionFile.jsm:75:32\n_writeState@resource:///modules/sessionstore/SessionSaver.jsm:360:24\n_saveState@resource:///modules/sessionstore/SessionSaver.jsm:294:17\n_saveStateAsync@resource:///modules/sessionstore/SessionSaver.jsm:344:10\nsaveStateAsyncWhenIdle@resource:///modules/sessionstore/SessionSaver.jsm:191:14\ncallback@resource://gre/modules/Timer.jsm:127:16\n"
1592445583424	Marionette	INFO	Listening on port 59818
1592445583682	Marionette	WARN	TLS certificate errors will be ignored for this session
1592445609955	mozrunner::runner	INFO	Running command: "D:\\软件\\firefox.exe" "-marionette" "-foreground" "-no-remote" "-profile" "C:\\Users\\000\\AppData\\Local\\Temp\\rust_mozprofilejCKdBk"
JavaScript error: resource://gre/modules/XULStore.jsm, line 66: Error: Can't find profile directory.
1592445617733	Marionette	INFO	Listening on port 59926
1592445617862	Marionette	WARN	TLS certificate errors will be ignored for this session
1592445642197	mozrunner::runner	INFO	Running command: "D:\\软件\\firefox.exe" "-marionette" "-foreground" "-no-remote" "-profile" "C:\\Users\\000\\AppData\\Local\\Temp\\rust_mozprofileEl2SHK"
1592449176210	mozrunner::runner	INFO	Running command: "D:\\软件\\firefox.exe" "-marionette" "-foreground" "-no-remote" "-profile" "C:\\Users\\000\\AppData\\Local\\Temp\\rust_mozprofileYUpQI6"
JavaScript error: resource://gre/modules/XULStore.jsm, line 66: Error: Can't find profile directory.
console.error: "Could not write session state file " (new Error("_initWorker called too early! Please read the session file from disk first.", "resource:///modules/sessionstore/SessionFile.jsm", 375)) "_initWorker/<@resource:///modules/sessionstore/SessionFile.jsm:375:15\n_initWorker@resource:///modules/sessionstore/SessionFile.jsm:368:12\n_postToWorker@resource:///modules/sessionstore/SessionFile.jsm:410:16\nwrite@resource:///modules/sessionstore/SessionFile.jsm:448:24\nwrite@resource:///modules/sessionstore/SessionFile.jsm:75:32\n_writeState@resource:///modules/sessionstore/SessionSaver.jsm:360:24\n_saveState@resource:///modules/sessionstore/SessionSaver.jsm:294:17\n_saveStateAsync@resource:///modules/sessionstore/SessionSaver.jsm:344:10\nsaveStateAsyncWhenIdle@resource:///modules/sessionstore/SessionSaver.jsm:191:14\ncallback@resource://gre/modules/Timer.jsm:127:16\n"
1592449244420	Marionette	INFO	Listening on port 65349
[Parent 18160, Gecko_IOThread] WARNING: file /builds/worker/checkouts/gecko/ipc/chromium/src/base/process_util_win.cc, line 166
1592449427178	Marionette	INFO	Stopped listening on port 65349

###!!! [Child][RunMessage] Error: Channel closing: too late to send/recv, messages will be lost

 (new Error("_initWorker called too early! Please read the session file from disk first.", "resource:///modules/sessionstore/SessionFile.jsm", 375)) "_initWorker/<@resource:///modules/sessionstore/SessionFile.jsm:375:15\n_initWorker@resource:///modules/sessionstore/SessionFile.jsm:368:12\n_postToWorker@resource:///modules/sessionstore/SessionFile.jsm:410:16\nwrite@resource:///modules/sessionstore/SessionFile.jsm:448:24\nwrite@resource:///modules/sessionstore/SessionFile.jsm:75:32\n_writeState@resource:///modules/sessionstore/SessionSaver.jsm:360:24\n_saveState@resource:///modules/sessionstore/SessionSaver.jsm:294:17\n_saveStateAsync@resource:///modules/sessionstore/SessionSaver.jsm:344:10\nsaveStateAsyncWhenIdle@resource:///modules/sessionstore/SessionSaver.jsm:191:14\ncallback@resource://gre/modules/Timer.jsm:127:16\n"
1592449281701	Marionette	INFO	Listening on port 49220
1592449283135	Marionette	WARN	TLS certificate errors will be ignored for this session
1592449318312	Marionette	WARN	TimedPromise timed out after 500 ms: stacktrace:
TimedPromise/<@chrome://marionette/content/sync.js:245:13
TimedPromise@chrome://marionette/content/sync.js:230:10
interaction.flushEventLoop@chrome://marionette/content/interaction.js:416:10
webdriverClickElement@chrome://marionette/content/interaction.js:182:31
1592449325057	Marionette	INFO	Stopped listening on port 49220
JavaScript error: resource://gre/modules/Prompter.jsm, line 1178: NS_ERROR_NOT_AVAILABLE: prompt aborted by user
console.error: (new Error("SessionFile is closed", "resource:///modules/sessionstore/SessionFile.jsm", 433))

###!!! [Child][RunMessage] Error: Channel closing: too late to send/recv, messages will be lost


###!!! [Child][MessageChannel::SendAndWait] Error: Channel error: cannot send/recv

1592449363857	mozrunner::runner	INFO	Running command: "D:\\软件\\firefox.exe" "-marionette" "-foreground" "-no-remote" "-profile" "C:\\Users\\000\\AppData\\Local\\Temp\\rust_mozprofilertnKN9"
JavaScript error: resource://gre/modules/XULStore.jsm, line 66: Error: Can't find profile directory.
console.error: "Could not write session state file " (new Error("_initWorker called too early! Please read the session file from disk first.", "resource:///modules/sessionstore/SessionFile.jsm", 375)) "_initWorker/<@resource:///modules/sessionstore/SessionFile.jsm:375:15\n_initWorker@resource:///modules/sessionstore/SessionFile.jsm:368:12\n_postToWorker@resource:///modules/sessionstore/SessionFile.jsm:410:16\nwrite@resource:///modules/sessionstore/SessionFile.jsm:448:24\nwrite@resource:///modules/sessionstore/SessionFile.jsm:75:32\n_writeState@resource:///modules/sessionstore/SessionSaver.jsm:360:24\n_saveState@resource:///modules/sessionstore/SessionSaver.jsm:294:17\n_saveStateAsync@resource:///modules/sessionstore/SessionSaver.jsm:344:10\nsaveStateAsyncWhenIdle@resource:///modules/sessionstore/SessionSaver.jsm:191:14\ncallback@resource://gre/modules/Timer.jsm:127:16\n"
1592449408951	Marionette	INFO	Listening on port 49516
1592449409766	Marionette	WARN	TLS certificate errors will be ignored for this session
JavaScript error: resource://gre/modules/UrlClassifierListManager.jsm, line 691: TypeError: this.tablesData[table] is undefined
1592449433353	Marionette	INFO	Stopped listening on port 49516

###!!! [Child][RunMessage] Error: Channel closing: too late to send/recv, messages will be lost


###!!! [Child][MessageChannel::SendAndWait] Error: Channel error: cannot send/recv

1592449437905	mozrunner::runner	INFO	Running command: "D:\\软件\\firefox.exe" "-marionette" "-foreground" "-no-remote" "-profile" "C:\\Users\\000\\AppData\\Local\\Temp\\rust_mozprofile5WhFs5"
JavaScript error: resource://gre/modules/XULStore.jsm, line 66: Error: Can't find profile directory.
JavaScript error: resource:///modules/CustomizableUI.jsm, line 5143: TypeError: win is null
JavaScript error: resource://services-settings/RemoteSettingsClient.jsm, line 115: Error: Unknown callback
console.error: (new Error("Connection closed before committing the transaction.", "resource://gre/modules/Sqlite.jsm", 681))
console.log: "RemoteSettingsWorker error: Error: Can't import when we've started shutting down."
console.log: "RemoteSettingsWorker error: Error: Can't import when we've started shutting down."
JavaScript error: resource://gre/modules/IndexedDB.jsm, line 370: UnknownError: IDBDatabase.transaction: Can't start IndexedDB transaction during shutdown

###!!! [Child][RunMessage] Error: Channel closing: too late to send/recv, messages will be lost


###!!! [Child][MessageChannel::SendAndWait] Error: Channel error: cannot send/recv

1592533717865	mozrunner::runner	INFO	Running command: "D:\\软件\\firefox.exe" "-marionette" "-foreground" "-no-remote" "-profile" "C:\\Users\\000\\AppData\\Local\\Temp\\rust_mozprofilemFhe43"
JavaScript error: resource://gre/modules/XULStore.jsm, line 66: Error: Can't find profile directory.
console.error: "Could not write session state file " (new Error("_initWorker called too early! Please read the session file from disk first.", "resource:///modules/sessionstore/SessionFile.jsm", 375)) "_initWorker/<@resource:///modules/sessionstore/SessionFile.jsm:375:15\n_initWorker@resource:///modules/sessionstore/SessionFile.jsm:368:12\n_postToWorker@resource:///modules/sessionstore/SessionFile.jsm:410:16\nwrite@resource:///modules/sessionstore/SessionFile.jsm:448:24\nwrite@resource:///modules/sessionstore/SessionFile.jsm:75:32\n_writeState@resource:///modules/sessionstore/SessionSaver.jsm:360:24\n_saveState@resource:///modules/sessionstore/SessionSaver.jsm:294:17\n_saveStateAsync@resource:///modules/sessionstore/SessionSaver.jsm:344:10\nsaveStateAsyncWhenIdle@resource:///modules/sessionstore/SessionSaver.jsm:191:14\ncallback@resource://gre/modules/Timer.jsm:127:16\n"
1592533762661	Marionette	INFO	Listening on port 52148
[Parent 4484, Gecko_IOThread] WARNING: file /builds/worker/checkouts/gecko/ipc/chromium/src/base/process_util_win.cc, line 166
1592533763639	Marionette	WARN	TLS certificate errors will be ignored for this session
1592533778466	mozrunner::runner	INFO	Running command: "D:\\软件\\firefox.exe" "-marionette" "-foreground" "-no-remote" "-profile" "C:\\Users\\000\\AppData\\Local\\Temp\\rust_mozprofileAoa1T3"
[13744, Chrome_ChildThread] WARNING: failed to create pipe: 2: file /builds/worker/checkouts/gecko/ipc/chromium/src/chrome/common/ipc_channel_win.cc, line 228
[13744, Chrome_ChildThread] WARNING: Unable to create pipe named "19296.0.153447037\1124805104" in client mode.: file /builds/worker/checkouts/gecko/ipc/chromium/src/chrome/common/ipc_channel_win.cc, line 64

###!!! [Child][MessageChannel] Error: (msgtype=0xFFF7,name=<unknown IPC msg name>) Closed channel: cannot send/recv

1592533797879	mozrunner::runner	INFO	Running command: "D:\\软件\\firefox.exe" "-marionette" "-foreground" "-no-remote" "-profile" "C:\\Users\\000\\AppData\\Local\\Temp\\rust_mozprofileelAFB3"
JavaScript error: resource://gre/modules/XULStore.jsm, line 66: Error: Can't find profile directory.
console.error: "Could not write session state file " (new Error("_initWorker called too early! Please read the session file from disk first.", "resource:///modules/sessionstore/SessionFile.jsm", 375)) "_initWorker/<@resource:///modules/sessionstore/SessionFile.jsm:375:15\n_initWorker@resource:///modules/sessionstore/SessionFile.jsm:368:12\n_postToWorker@resource:///modules/sessionstore/SessionFile.jsm:410:16\nwrite@resource:///modules/sessionstore/SessionFile.jsm:448:24\nwrite@resource:///modules/sessionstore/SessionFile.jsm:75:32\n_writeState@resource:///modules/sessionstore/SessionSaver.jsm:360:24\n_saveState@resource:///modules/sessionstore/SessionSaver.jsm:294:17\n_saveStateAsync@resource:///modules/sessionstore/SessionSaver.jsm:344:10\nsaveStateAsyncWhenIdle@resource:///modules/sessionstore/SessionSaver.jsm:191:14\ncallback@resource://gre/modules/Timer.jsm:127:16\n"
1592533823002	Marionette	INFO	Listening on port 52276
1592533823061	Marionette	WARN	TLS certificate errors will be ignored for this session
1592533840210	Marionette	INFO	Stopped listening on port 52276
JavaScript error: resource://gre/modules/Prompter.jsm, line 1178: NS_ERROR_NOT_AVAILABLE: prompt aborted by user

###!!! [Child][RunMessage] Error: Channel closing: too late to send/recv, messages will be lost


###!!! [Child][MessageChannel::SendAndWait] Error: (msgtype=0x5E0005,name=PImageBridge::Msg_WillClose) Channel error: cannot send/recv

1592533849110	mozrunner::runner	INFO	Running command: "D:\\软件\\firefox.exe" "-marionette" "-foreground" "-no-remote" "-profile" "C:\\Users\\000\\AppData\\Local\\Temp\\rust_mozprofileM5jxF6"
JavaScript error: resource://gre/modules/XULStore.jsm, line 66: Error: Can't find profile directory.
1592533856578	Marionette	INFO	Listening on port 52485
1592533856951	Marionette	WARN	TLS certificate errors will be ignored for this session
1592533870182	Marionette	INFO	Stopped listening on port 52485
JavaScript error: resource://gre/modules/Prompter.jsm, line 1178: NS_ERROR_NOT_AVAILABLE: prompt aborted by user
console.warn: services.settings: main/whats-new-panel sync interrupted by shutdown

###!!! [Child][MessageChannel::SendAndWait] Error: Channel error: cannot send/recv

1592533877989	mozrunner::runner	INFO	Running command: "D:\\软件\\firefox.exe" "-marionette" "-foreground" "-no-remote" "-profile" "C:\\Users\\000\\AppData\\Local\\Temp\\rust_mozprofilepNyfrt"
JavaScript error: resource://gre/modules/XULStore.jsm, line 66: Error: Can't find profile directory.
1592533884386	Marionette	INFO	Listening on port 52585
1592533884871	Marionette	WARN	TLS certificate errors will be ignored for this session
1592539147398	mozrunner::runner	INFO	Running command: "D:\\软件\\firefox.exe" "-marionette" "-foreground" "-no-remote" "-profile" "C:\\WINDOWS\\TEMP\\rust_mozprofilex3xB8g"
JavaScript error: resource://gre/modules/XULStore.jsm, line 66: Error: Can't find profile directory.
1592539204761	Marionette	INFO	Listening on port 60624
1592539205618	Marionette	WARN	TLS certificate errors will be ignored for this session

###!!! [Parent][MessageChannel] Error: (msgtype=0x380133,name=PContent::Msg_AsyncMessage) Channel error: cannot send/recv

A content process crashed and MOZ_CRASHREPORTER_SHUTDOWN is set, shutting down
[Parent 15664, Gecko_IOThread] WARNING: file /builds/worker/checkouts/gecko/ipc/chromium/src/base/process_util_win.cc, line 166
1592539984715	Marionette	INFO	Stopped listening on port 60624
e from disk first.", "resource:///modules/sessionstore/SessionFile.jsm", 375)) "_initWorker/<@resource:///modules/sessionstore/SessionFile.jsm:375:15\n_initWorker@resource:///modules/sessionstore/SessionFile.jsm:368:12\n_postToWorker@resource:///modules/sessionstore/SessionFile.jsm:410:16\nwrite@resource:///modules/sessionstore/SessionFile.jsm:448:24\nwrite@resource:///modules/sessionstore/SessionFile.jsm:75:32\n_writeState@resource:///modules/sessionstore/SessionSaver.jsm:360:24\n_saveState@resource:///modules/sessionstore/SessionSaver.jsm:294:17\n_saveStateAsync@resource:///modules/sessionstore/SessionSaver.jsm:344:10\nsaveStateAsyncWhenIdle@resource:///modules/sessionstore/SessionSaver.jsm:191:14\ncallback@resource://gre/modules/Timer.jsm:127:16\n"
1592539294205	Marionette	INFO	Listening on port 61004
1592539294758	Marionette	WARN	TLS certificate errors will be ignored for this session

###!!! [Parent][MessageChannel] Error: (msgtype=0x380023,name=PContent::Msg_PreferenceUpdate) Channel error: cannot send/recv


###!!! [Parent][MessageChannel] Error: (msgtype=0x380023,name=PContent::Msg_PreferenceUpdate) Channel error: cannot send/recv

A content process crashed and MOZ_CRASHREPORTER_SHUTDOWN is set, shutting down
[Parent 8048, Gecko_IOThread] WARNING: file /builds/worker/checkouts/gecko/ipc/chromium/src/base/process_util_win.cc, line 166

###!!! [Parent][MessageChannel] Error: (msgtype=0x38006E,name=PContent::Msg_SuspendInputEventQueue) Channel error: cannot send/recv


###!!! [Parent][MessageChannel] Error: (msgtype=0x38006C,name=PContent::Msg_FlushInputEventQueue) Channel error: cannot send/recv


###!!! [Parent][MessageChannel] Error: (msgtype=0x38006D,name=PContent::Msg_ResumeInputEventQueue) Channel error: cannot send/recv


###!!! [Parent][MessageChannel] Error: (msgtype=0x38004F,name=PContent::Msg_Shutdown) Channel error: cannot send/recv

[Parent 8048, Gecko_IOThread] WARNING: pipe error: 232: file /builds/worker/checkouts/gecko/ipc/chromium/src/chrome/common/ipc_channel_win.cc, line 522
A content process crashed and MOZ_CRASHREPORTER_SHUTDOWN is set, shutting down
console.error: services.settings: 
  Message: TypeError: NetworkError
###!!! [Parent][MessageChannel] Error: (msgtype=0x380133,name=PContent::Msg_AsyncMessage) Channel error: cannot send/recv

A content process crashed and MOZ_CRASHREPORTER_SHUTDOWN is set, shutting down
[Parent 14320, Gecko_IOThread] WARNING: file /builds/worker/checkouts/gecko/ipc/chromium/src/base/process_util_win.cc, line 166
1592539952274	Marionette	INFO	Stopped listening on port 61374
rtChanges@resource://services-settings/RemoteSettingsClient.jsm:809:20
maybeSync@resource://services-settings/RemoteSettingsClient.jsm:527:35
observe@resource://gre/modules/AsyncShutdown.jsm:554:16

console.warn: services.settings: main/messaging-experiments sync interrupted by shutdown
1592539819790	Marionette	INFO	Stopped listening on port 61004
JavaScript error: resource:///modules/sessionstore/SessionStore.jsm, line 5267: NS_ERROR_UNEXPECTED: Component returned failure code: 0x8000ffff (NS_ERROR_UNEXPECTED) [nsIWindowMediator.getEnumerator]
:///modules/sessionstore/SessionSaver.jsm:191:14\ncallback@resource://gre/modules/Timer.jsm:127:16\n"
JavaScript error: resource://gre/modules/NetworkGeolocationProvider.jsm, line 555: TypeError: xhr.response.location is undefined
1592539454539	Marionette	INFO	Listening on port 61561
1592539454733	Marionette	WARN	TLS certificate errors will be ignored for this session
A content process crashed and MOZ_CRASHREPORTER_SHUTDOWN is set, shutting down
[Parent 15656, Gecko_IOThread] WARNING: file /builds/worker/checkouts/gecko/ipc/chromium/src/base/process_util_win.cc, line 166
console.error: services.settings: 
  Message: TypeError: NetworkError when attempting to fetch resource.
console.warn: services.settings: main/url-classifier-skip-urls sync interrupted by shutdown
console.warn: services.settings: main/search-config sync interrupted by shutdown
console.warn: services.settings: main/fxmonitor-breaches sync interrupted by shutdown
console.warn: services.settings: main/cfr sync interrupted by shutdown
console.warn: services.settings: main/cfr-fxa sync interrupted by shutdown
console.warn: services.settings: blocklists/plugins sync interrupted by shutdown
console.warn: services.settings: main/public-suffix-list sync interrupted by shutdown
console.warn: services.settings: main/hijack-blocklists sync interrupted by shutdown
console.warn: services.settings: main/language-dictionaries sync interrupted by shutdown
console.warn: services.settings: main/anti-tracking-url-decoration sync interrupted by shutdown
console.warn: services.settings: main/sites-classification sync interrupted by shutdown
console.warn: services.settings: pinning/pins sync interrupted by shutdown
console.warn: services.settings: blocklists/gfx sync interrupted by shutdown
1592539970835	Marionette	INFO	Stopped listening on port 61561
 (msgtype=0x380133,name=PContent::Msg_AsyncMessage) Channel error: cannot send/recv

A content process crashed and MOZ_CRASHREPORTER_SHUTDOWN is set, shutting down
[Parent 24512, Gecko_IOThread] WARNING: file /builds/worker/checkouts/gecko/ipc/chromium/src/base/process_util_win.cc, line 166
1592539929755	Marionette	INFO	Stopped listening on port 62094
1592549805627	mozrunner::runner	INFO	Running command: "D:\\软件\\firefox.exe" "-marionette" "-foreground" "-no-remote" "-profile" "C:\\WINDOWS\\TEMP\\rust_mozprofile5ZNZql"
console.error: "Could not write session state file " (new Error("_initWorker called too early! Please read the session file from disk first.", "resource:///modules/sessionstorconsole.error: "Could not write session state file " (new Error("_initWorker called too early! Please read the session file from disk first.", "resource:///modules/sessionstore/SessionFile.jsm", 375)) "_initWorker/<@resource:///modules/sessionstore/SessionFile.jsm:375:15\n_initWorker@resource:///modules/sessionstore/SessionFile.jsm:368:12\n_postToWorker@resource:///modules/sessionstore/SessionFile.jsm:410:16\nwrite@resource:///modules/sessionstore/SessionFile.jsm:448:24\nwrite@resource:///modules/sessionstore/SessionFile.jsm:75:32\n_writeState@resource:///modules/sessionstore/SessionSaver.jsm:360:24\n_saveState@resource:///modules/sessionstore/SessionSaver.jsm:294:17\n_saveStateAsync@resource:///modules/sessionstore/SessionSaver.jsm:344:10\nsaveStateAsyncWhenIdle@resource:///modules/sessionstore/SessionSaver.jsm:191:14\ncallback@resource://gre/modules/Timer.jsm:127:16\n"
[Parent 21672, Gecko_IOThread] WARNING: file /builds/worker/checkouts/gecko/ipc/chrom1592549924606	Marionette	INFO	Listening on pJavaScript error: resource://gre/modules/NetworkGeolocationProvider.jsm, line 555: TypeError: xhr.response.location is undefined
1592549932073	Marionette	INFO	Listening on port 50643
1592549940348	mozrunner::runner	INFO	Running command: "D:\\软件\\firefox.exe" "-marionette" "-foreground" "-no-remote" "-profile" "C:\\WINDOWS\\TEMP\\rust_mozprofileRApb2D"
                                                                                                                                                                                                                                                                                                                                                                                                                                                                                                                                                                                                                                                                                                                                                                                                                                                                                                                                                                                                                                                                                                                                                                                                                                                                                                                                                                                                                                                                                                                                                                                                                                                                                                                                                                                                                                                                                                                                                                                                                                                                                                                                                                                                                                                                                                                                                                                                                                                                                                                                                                                                                                                                                                                                                                                                                                                                                                                                                                                                                                                                                                                                                                                                                                                                                                                                                                                                                                                                                                                                                                              1592551852853	mozrunner::runner	INFO	Running command: "D:\\软件\\firefox.exe" "-marionette" "-foreground" "-no-remote" "-profile" "C:\\WINDOWS\\TEMP\\rust_mozprofilewsg3xj"
JavaScript error: resource://gre/modules/XULStore.jsm, line 66: Error: Can't find profile directory.
1592551873056	Marionette	INFO	Listening on port 50017
1592551873437	Marionette	WARN	TLS certificate errors will be ignored for this session
1592551886269	Marionette	INFO	Stopped listening on port 50017
JavaScript error: resource://gre/modules/Prompter.jsm, line 1178: NS_ERROR_NOT_AVAILABLE: prompt aborted by user

###!!! [Parent][MessageChannel] Error: (msgtype=0xA000D,name=PBackgroundIDBDatabase::Msg_Invalidate) Channel error: cannot send/recv


###!!! [Parent][MessageChannel] Error: (msgtype=0xA000E,name=PBackgroundIDBDatabase::Msg_CloseAfterInvalidationComplete) Channel error: cannot send/recv

1592551893633	mozrunner::runner	INFO	Running command: "D:\\软件\\firefox.exe" "-marionette" "-foreground" "-no-remote" "-profile" "C:\\WINDOWS\\TEMP\\rust_mozprofileKH4ttd"
JavaScript error: resource://gre/modules/XULStore.jsm, line 66: Error: Can't find profile directory.
1592551899154	Marionette	INFO	Listening on port 50065
1592551900195	Marionette	WARN	TLS certificate errors will be ignored for this session
1592551911967	Marionette	INFO	Stopped listening on port 50065
JavaScript error: resource://gre/modules/Prompter.jsm, line 1178: NS_ERROR_NOT_AVAILABLE: prompt aborted by user
1592551919453	mozrunner::runner	INFO	Running command: "D:\\软件\\firefox.exe" "-marionette" "-foreground" "-no-remote" "-profile" "C:\\WINDOWS\\TEMP\\rust_mozprofileSYHKyc"
JavaScript error: resource://gre/modules/XULStore.jsm, line 66: Error: Can't find profile directory.
1592551924802	Marionette	INFO	Listening on port 50112
1592551925286	Marionette	WARN	TLS certificate errors will be ignored for this session
1592551936069	Marionette	INFO	Stopped listening on port 50112
JavaScript error: resource://gre/modules/Prompter.jsm, line 1178: NS_ERROR_NOT_AVAILABLE: prompt aborted by user
1592551943243	mozrunner::runner	INFO	Running command: "D:\\软件\\firefox.exe" "-marionette" "-foreground" "-no-remote" "-profile" "C:\\WINDOWS\\TEMP\\rust_mozprofilepwRXoB"
JavaScript error: resource://gre/modules/XULStore.jsm, line 66: Error: Can't find profile directory.
1592551948695	Marionette	INFO	Listening on port 50155
1592551949075	Marionette	WARN	TLS certificate errors will be ignored for this session
1592551959948	Marionette	INFO	Stopped listening on port 50155
JavaScript error: resource://gre/modules/Prompter.jsm, line 1178: NS_ERROR_NOT_AVAILABLE: prompt aborted by user
1592551967373	mozrunner::runner	INFO	Running command: "D:\\软件\\firefox.exe" "-marionette" "-foreground" "-no-remote" "-profile" "C:\\WINDOWS\\TEMP\\rust_mozprofile1xIv75"
JavaScript error: resource://gre/modules/XULStore.jsm, line 66: Error: Can't find profile directory.
1592551975344	Marionette	INFO	Listening on port 50196
1592551975845	Marionette	WARN	TLS certificate errors will be ignored for this session
1592551981327	Marionette	INFO	Stopped listening on port 50196
JavaScript error: resource://services-settings/RemoteSettingsClient.jsm, line 115: Error: Unknown callback
1592552516608	mozrunner::runner	INFO	Running command: "D:\\软件\\firefox.exe" "-marionette" "-foreground" "-no-remote" "-profile" "C:\\WINDOWS\\TEMP\\rust_mozprofilezCDETW"
JavaScript error: resource://gre/modules/XULStore.jsm, line 66: Error: Can't find profile directory.
1592552540936	Marionette	INFO	Listening on port 50369
1592552542396	Marionette	WARN	TLS certificate errors will be ignored for this session
1592552556756	Marionette	INFO	Stopped listening on port 50369
JavaScript error: resource://gre/modules/Prompter.jsm, line 1178: NS_ERROR_NOT_AVAILABLE: prompt aborted by user
1592552563903	mozrunner::runner	INFO	Running command: "D:\\软件\\firefox.exe" "-marionette" "-foreground" "-no-remote" "-profile" "C:\\WINDOWS\\TEMP\\rust_mozprofile0pmnbG"
JavaScript error: resource://gre/modules/XULStore.jsm, line 66: Error: Can't find profile directory.
1592552569900	Marionette	INFO	Listening on port 50431
1592552570223	Marionette	WARN	TLS certificate errors will be ignored for this session
1592552580969	Marionette	INFO	Stopped listening on port 50431
JavaScript error: resource://gre/modules/Prompter.jsm, line 1178: NS_ERROR_NOT_AVAILABLE: prompt aborted by user
1592552587969	mozrunner::runner	INFO	Running command: "D:\\软件\\firefox.exe" "-marionette" "-foreground" "-no-remote" "-profile" "C:\\WINDOWS\\TEMP\\rust_mozprofilewhslgs"
JavaScript error: resource://gre/modules/XULStore.jsm, line 66: Error: Can't find profile directory.
1592552594000	Marionette	INFO	Listening on port 50468
1592552594503	Marionette	WARN	TLS certificate errors will be ignored for this session
1592552605336	Marionette	INFO	Stopped listening on port 50468
JavaScript error: resource://gre/modules/Prompter.jsm, line 1178: NS_ERROR_NOT_AVAILABLE: prompt aborted by user
1592552614331	mozrunner::runner	INFO	Running command: "D:\\软件\\firefox.exe" "-marionette" "-foreground" "-no-remote" "-profile" "C:\\WINDOWS\\TEMP\\rust_mozprofileoaHMI4"
JavaScript error: resource://gre/modules/XULStore.jsm, line 66: Error: Can't find profile directory.
1592552621414	Marionette	INFO	Listening on port 50517
1592552621721	Marionette	WARN	TLS certificate errors will be ignored for this session
1592552632406	Marionette	INFO	Stopped listening on port 50517
JavaScript error: resource://gre/modules/Prompter.jsm, line 1178: NS_ERROR_NOT_AVAILABLE: prompt aborted by user
1592552639291	mozrunner::runner	INFO	Running command: "D:\\软件\\firefox.exe" "-marionette" "-foreground" "-no-remote" "-profile" "C:\\WINDOWS\\TEMP\\rust_mozprofileXStObA"
JavaScript error: resource://gre/modules/XULStore.jsm, line 66: Error: Can't find profile directory.
1592552646026	Marionette	INFO	Listening on port 50561
1592552646217	Marionette	WARN	TLS certificate errors will be ignored for this session
JavaScript error: resource://gre/modules/NetworkGeolocationProvider.jsm, line 555: TypeError: xhr.response.location is undefined
1592552657311	Marionette	INFO	Stopped listening on port 50561
JavaScript error: resource://gre/modules/Prompter.jsm, line 1178: NS_ERROR_NOT_AVAILABLE: prompt aborted by user
